<?xml version="1.0" encoding="UTF-8"?>
<!-- Generated by org.testng.reporters.JUnitXMLReporter -->
<testsuite hostname="USC-W-2406ST2" ignored="0" name="Home Page Test" tests="1" failures="1" timestamp="10 Sep 2019 03:29:53 GMT" time="14.452" errors="0">
  <testcase name="clickNext" time="0.705" classname="Scratch.testScreenshot">
    <failure type="java.lang.AssertionError" message="Warning is wrong... expected [true] but found [false]">
      <![CDATA[java.lang.AssertionError: Warning is wrong... expected [true] but found [false]
	at Scratch.testScreenshot.clickNext(testScreenshot.java:42)
... Removed 28 stack frames]]>
    </failure>
  </testcase> <!-- clickNext -->
</testsuite> <!-- Home Page Test -->
